
=== Sun Mar  7 18:33:43 2021

Packages were changed.
Update Mode: updateDependencies

The following packages were updated:
  com.unity.test-framework from version 1.1.20 to 1.1.22
  com.unity.timeline from version 1.2.17 to 1.2.18

=== Fri May 14 18:20:03 2021

Packages were changed.
Update Mode: updateDependencies

The following packages were updated:
  com.unity.test-framework from version 1.1.20 to 1.1.22
  com.unity.timeline from version 1.2.17 to 1.2.18

=== Wed Sep 22 14:22:40 2021

Packages were changed.
Update Mode: updateDependencies

The following packages were added:
  com.unity.ide.visualstudio@2.0.9
The following packages were updated:
  com.unity.2d.animation from version 3.2.6 to 5.0.5
  com.unity.2d.pixel-perfect from version 2.1.0 to 4.0.1
  com.unity.2d.psdimporter from version 2.1.6 to 4.0.2
  com.unity.2d.spriteshape from version 3.0.14 to 5.1.2
  com.unity.collab-proxy from version 1.2.16 to 1.5.7
  com.unity.ide.rider from version 1.1.4 to 2.0.7
  com.unity.test-framework from version 1.1.22 to 1.1.26
  com.unity.textmeshpro from version 2.1.1 to 3.0.6
  com.unity.timeline from version 1.2.18 to 1.4.8
The following packages were removed:
  com.unity.2d.ik@2.1.0-preview.1
